Flow report for display
Thu Nov 25 11:31:21 2021
Quartus II 64-Bit Version 13.0.1 Build 232 06/12/2013 Service Pack 1 SJ Full Version


---------------------
; Table of Contents ;
---------------------
  1. Legal Notice
  2. Flow Summary
  3. Flow Settings
  4. Flow Non-Default Global Settings
  5. Flow Elapsed Time
  6. Flow OS Summary
  7. Flow Log
  8. Flow Messages
  9. Flow Suppressed Messages



----------------
; Legal Notice ;
----------------
Copyright (C) 1991-2013 Altera Corporation
Your use of Altera Corporation's design tools, logic functions 
and other software and tools, and its AMPP partner logic 
functions, and any output files from any of the foregoing 
(including device programming or simulation files), and any 
associated documentation or information are expressly subject 
to the terms and conditions of the Altera Program License 
Subscription Agreement, Altera MegaCore Function License 
Agreement, or other applicable license agreement, including, 
without limitation, that your use is for the sole purpose of 
programming logic devices manufactured by Altera and sold by 
Altera or its authorized distributors.  Please refer to the 
applicable agreement for further details.



+---------------------------------------------------------------------------------------+
; Flow Summary                                                                          ;
+------------------------------------+--------------------------------------------------+
; Flow Status                        ; Successful - Thu Nov 25 11:31:21 2021            ;
; Quartus II 64-Bit Version          ; 13.0.1 Build 232 06/12/2013 SP 1 SJ Full Version ;
; Revision Name                      ; display                                          ;
; Top-level Entity Name              ; display                                          ;
; Family                             ; Cyclone III                                      ;
; Total logic elements               ; 4 / 5,136 ( < 1 % )                              ;
;     Total combinational functions  ; 4 / 5,136 ( < 1 % )                              ;
;     Dedicated logic registers      ; 0 / 5,136 ( 0 % )                                ;
; Total registers                    ; 0                                                ;
; Total pins                         ; 14 / 183 ( 8 % )                                 ;
; Total virtual pins                 ; 0                                                ;
; Total memory bits                  ; 0 / 423,936 ( 0 % )                              ;
; Embedded Multiplier 9-bit elements ; 0 / 46 ( 0 % )                                   ;
; Total PLLs                         ; 0 / 2 ( 0 % )                                    ;
; Device                             ; EP3C5F256C6                                      ;
; Timing Models                      ; Final                                            ;
+------------------------------------+--------------------------------------------------+


+-----------------------------------------+
; Flow Settings                           ;
+-------------------+---------------------+
; Option            ; Setting             ;
+-------------------+---------------------+
; Start date & time ; 11/25/2021 11:31:11 ;
; Main task         ; Compilation         ;
; Revision Name     ; display             ;
+-------------------+---------------------+


+----------------------------------------------------------------------------------------------------------------------------+
; Flow Non-Default Global Settings                                                                                           ;
+--------------------------------------+---------------------------------+---------------+-------------+---------------------+
; Assignment Name                      ; Value                           ; Default Value ; Entity Name ; Section Id          ;
+--------------------------------------+---------------------------------+---------------+-------------+---------------------+
; COMPILER_SIGNATURE_ID                ; 168202116130101.163781107104244 ; --            ; --          ; --                  ;
; EDA_DESIGN_INSTANCE_NAME             ; i1                              ; --            ; --          ; display_vhd_tst.vhd ;
; EDA_GENERATE_FUNCTIONAL_NETLIST      ; On                              ; --            ; --          ; eda_simulation      ;
; EDA_NATIVELINK_SIMULATION_TEST_BENCH ; display_vhd_tst.vhd             ; --            ; --          ; eda_simulation      ;
; EDA_OUTPUT_DATA_FORMAT               ; Vhdl                            ; --            ; --          ; eda_simulation      ;
; EDA_SIMULATION_TOOL                  ; ModelSim-Altera (VHDL)          ; <None>        ; --          ; --                  ;
; EDA_TEST_BENCH_ENABLE_STATUS         ; TEST_BENCH_MODE                 ; --            ; --          ; eda_simulation      ;
; EDA_TEST_BENCH_FILE                  ; display_vhd_tst.vhd             ; --            ; --          ; display_vhd_tst.vhd ;
; EDA_TEST_BENCH_MODULE_NAME           ; display_vhd_tst.vhd             ; --            ; --          ; display_vhd_tst.vhd ;
; EDA_TEST_BENCH_NAME                  ; display_vhd_tst.vhd             ; --            ; --          ; eda_simulation      ;
; EDA_TEST_BENCH_RUN_SIM_FOR           ; 50 s                            ; --            ; --          ; display_vhd_tst.vhd ;
; EDA_TIME_SCALE                       ; 1 ps                            ; --            ; --          ; eda_simulation      ;
; PARTITION_COLOR                      ; 16764057                        ; --            ; --          ; Top                 ;
; PARTITION_FITTER_PRESERVATION_LEVEL  ; PLACEMENT_AND_ROUTING           ; --            ; --          ; Top                 ;
; PARTITION_NETLIST_TYPE               ; SOURCE                          ; --            ; --          ; Top                 ;
; PROJECT_OUTPUT_DIRECTORY             ; output_files                    ; --            ; --          ; --                  ;
+--------------------------------------+---------------------------------+---------------+-------------+---------------------+


+-------------------------------------------------------------------------------------------------------------------------------+
; Flow Elapsed Time                                                                                                             ;
+---------------------------+--------------+-------------------------+---------------------+------------------------------------+
; Module Name               ; Elapsed Time ; Average Processors Used ; Peak Virtual Memory ; Total CPU Time (on all processors) ;
+---------------------------+--------------+-------------------------+---------------------+------------------------------------+
; Analysis & Synthesis      ; 00:00:02     ; 1.0                     ; 4644 MB             ; 00:00:01                           ;
; Fitter                    ; 00:00:04     ; 1.0                     ; 5392 MB             ; 00:00:04                           ;
; Assembler                 ; 00:00:00     ; 1.0                     ; 4544 MB             ; 00:00:01                           ;
; TimeQuest Timing Analyzer ; 00:00:01     ; 1.0                     ; 4637 MB             ; 00:00:01                           ;
; EDA Netlist Writer        ; 00:00:01     ; 1.0                     ; 4505 MB             ; 00:00:00                           ;
; Total                     ; 00:00:08     ; --                      ; --                  ; 00:00:07                           ;
+---------------------------+--------------+-------------------------+---------------------+------------------------------------+


+----------------------------------------------------------------------------------------+
; Flow OS Summary                                                                        ;
+---------------------------+------------------+-----------+------------+----------------+
; Module Name               ; Machine Hostname ; OS Name   ; OS Version ; Processor type ;
+---------------------------+------------------+-----------+------------+----------------+
; Analysis & Synthesis      ; LAPTOP-HGA14GF5  ; Windows 7 ; 6.2        ; x86_64         ;
; Fitter                    ; LAPTOP-HGA14GF5  ; Windows 7 ; 6.2        ; x86_64         ;
; Assembler                 ; LAPTOP-HGA14GF5  ; Windows 7 ; 6.2        ; x86_64         ;
; TimeQuest Timing Analyzer ; LAPTOP-HGA14GF5  ; Windows 7 ; 6.2        ; x86_64         ;
; EDA Netlist Writer        ; LAPTOP-HGA14GF5  ; Windows 7 ; 6.2        ; x86_64         ;
+---------------------------+------------------+-----------+------------+----------------+


------------
; Flow Log ;
------------
quartus_map --read_settings_files=on --write_settings_files=off display -c display
quartus_fit --read_settings_files=off --write_settings_files=off display -c display
quartus_asm --read_settings_files=off --write_settings_files=off display -c display
quartus_sta display -c display
quartus_eda --read_settings_files=off --write_settings_files=off display -c display



