Flow report for traffic
Wed Oct 19 01:27:33 2022
Quartus II 64-Bit Version 13.0.1 Build 232 06/12/2013 Service Pack 1 SJ Full Version


---------------------
; Table of Contents ;
---------------------
  1. Legal Notice
  2. Flow Summary
  3. Flow Settings
  4. Flow Non-Default Global Settings
  5. Flow Elapsed Time
  6. Flow OS Summary
  7. Flow Log
  8. Flow Messages
  9. Flow Suppressed Messages



----------------
; Legal Notice ;
----------------
Copyright (C) 1991-2013 Altera Corporation
Your use of Altera Corporation's design tools, logic functions 
and other software and tools, and its AMPP partner logic 
functions, and any output files from any of the foregoing 
(including device programming or simulation files), and any 
associated documentation or information are expressly subject 
to the terms and conditions of the Altera Program License 
Subscription Agreement, Altera MegaCore Function License 
Agreement, or other applicable license agreement, including, 
without limitation, that your use is for the sole purpose of 
programming logic devices manufactured by Altera and sold by 
Altera or its authorized distributors.  Please refer to the 
applicable agreement for further details.



+----------------------------------------------------------------------------------------+
; Flow Summary                                                                           ;
+-------------------------------------+--------------------------------------------------+
; Flow Status                         ; Successful - Wed Oct 19 01:27:33 2022            ;
; Quartus II 64-Bit Version           ; 13.0.1 Build 232 06/12/2013 SP 1 SJ Full Version ;
; Revision Name                       ; traffic                                          ;
; Top-level Entity Name               ; traffic                                          ;
; Family                              ; Cyclone V                                        ;
; Device                              ; 5CEBA4F23C7                                      ;
; Timing Models                       ; Final                                            ;
; Logic utilization (in ALMs)         ; 35 / 18,480 ( < 1 % )                            ;
; Total registers                     ; 26                                               ;
; Total pins                          ; 33 / 224 ( 15 % )                                ;
; Total virtual pins                  ; 0                                                ;
; Total block memory bits             ; 0 / 3,153,920 ( 0 % )                            ;
; Total DSP Blocks                    ; 0 / 66 ( 0 % )                                   ;
; Total HSSI RX PCSs                  ; 0                                                ;
; Total HSSI PMA RX Deserializers     ; 0                                                ;
; Total HSSI PMA RX ATT Deserializers ; 0                                                ;
; Total HSSI TX PCSs                  ; 0                                                ;
; Total HSSI PMA TX Serializers       ; 0                                                ;
; Total HSSI PMA TX ATT Serializers   ; 0                                                ;
; Total PLLs                          ; 0 / 4 ( 0 % )                                    ;
; Total DLLs                          ; 0 / 4 ( 0 % )                                    ;
+-------------------------------------+--------------------------------------------------+


+-----------------------------------------+
; Flow Settings                           ;
+-------------------+---------------------+
; Option            ; Setting             ;
+-------------------+---------------------+
; Start date & time ; 10/19/2022 01:26:31 ;
; Main task         ; Compilation         ;
; Revision Name     ; traffic             ;
+-------------------+---------------------+


+-----------------------------------------------------------------------------------------------------------------------+
; Flow Non-Default Global Settings                                                                                      ;
+--------------------------------------+--------------------------------+---------------+-------------+-----------------+
; Assignment Name                      ; Value                          ; Default Value ; Entity Name ; Section Id      ;
+--------------------------------------+--------------------------------+---------------+-------------+-----------------+
; COMPILER_SIGNATURE_ID                ; 58067790916219.166611399135704 ; --            ; --          ; --              ;
; EDA_DESIGN_INSTANCE_NAME             ; NA                             ; --            ; --          ; traffic_vhd_tst ;
; EDA_GENERATE_FUNCTIONAL_NETLIST      ; Off                            ; --            ; --          ; eda_simulation  ;
; EDA_NATIVELINK_SIMULATION_TEST_BENCH ; traffic_vhd_tst                ; --            ; --          ; eda_simulation  ;
; EDA_OUTPUT_DATA_FORMAT               ; Verilog Hdl                    ; --            ; --          ; eda_simulation  ;
; EDA_SIMULATION_TOOL                  ; ModelSim-Altera (Verilog)      ; <None>        ; --          ; --              ;
; EDA_TEST_BENCH_ENABLE_STATUS         ; TEST_BENCH_MODE                ; --            ; --          ; eda_simulation  ;
; EDA_TEST_BENCH_FILE                  ; traffic_vhd_tst.vhd            ; --            ; --          ; traffic_vhd_tst ;
; EDA_TEST_BENCH_MODULE_NAME           ; traffic_vhd_tst                ; --            ; --          ; traffic_vhd_tst ;
; EDA_TEST_BENCH_NAME                  ; traffic_vhd_tst                ; --            ; --          ; eda_simulation  ;
; EDA_TEST_BENCH_RUN_SIM_FOR           ; 150 s                          ; --            ; --          ; traffic_vhd_tst ;
; EDA_TIME_SCALE                       ; 1 ps                           ; --            ; --          ; eda_simulation  ;
; MAX_CORE_JUNCTION_TEMP               ; 85                             ; --            ; --          ; --              ;
; MIN_CORE_JUNCTION_TEMP               ; 0                              ; --            ; --          ; --              ;
; PARTITION_COLOR                      ; 16764057                       ; --            ; --          ; Top             ;
; PARTITION_FITTER_PRESERVATION_LEVEL  ; PLACEMENT_AND_ROUTING          ; --            ; --          ; Top             ;
; PARTITION_NETLIST_TYPE               ; SOURCE                         ; --            ; --          ; Top             ;
; PROJECT_OUTPUT_DIRECTORY             ; output_files                   ; --            ; --          ; --              ;
+--------------------------------------+--------------------------------+---------------+-------------+-----------------+


+-------------------------------------------------------------------------------------------------------------------------------+
; Flow Elapsed Time                                                                                                             ;
+---------------------------+--------------+-------------------------+---------------------+------------------------------------+
; Module Name               ; Elapsed Time ; Average Processors Used ; Peak Virtual Memory ; Total CPU Time (on all processors) ;
+---------------------------+--------------+-------------------------+---------------------+------------------------------------+
; Analysis & Synthesis      ; 00:00:02     ; 1.0                     ; 4696 MB             ; 00:00:02                           ;
; Fitter                    ; 00:00:43     ; 1.3                     ; 6001 MB             ; 00:00:52                           ;
; Assembler                 ; 00:00:01     ; 1.0                     ; 4579 MB             ; 00:00:01                           ;
; TimeQuest Timing Analyzer ; 00:00:09     ; 1.0                     ; 5140 MB             ; 00:00:10                           ;
; EDA Netlist Writer        ; 00:00:01     ; 1.0                     ; 4603 MB             ; 00:00:01                           ;
; Total                     ; 00:00:56     ; --                      ; --                  ; 00:01:06                           ;
+---------------------------+--------------+-------------------------+---------------------+------------------------------------+


+----------------------------------------------------------------------------------------+
; Flow OS Summary                                                                        ;
+---------------------------+------------------+-----------+------------+----------------+
; Module Name               ; Machine Hostname ; OS Name   ; OS Version ; Processor type ;
+---------------------------+------------------+-----------+------------+----------------+
; Analysis & Synthesis      ; LAPTOP-0CTDMG5U  ; Windows 7 ; 6.2        ; x86_64         ;
; Fitter                    ; LAPTOP-0CTDMG5U  ; Windows 7 ; 6.2        ; x86_64         ;
; Assembler                 ; LAPTOP-0CTDMG5U  ; Windows 7 ; 6.2        ; x86_64         ;
; TimeQuest Timing Analyzer ; LAPTOP-0CTDMG5U  ; Windows 7 ; 6.2        ; x86_64         ;
; EDA Netlist Writer        ; LAPTOP-0CTDMG5U  ; Windows 7 ; 6.2        ; x86_64         ;
+---------------------------+------------------+-----------+------------+----------------+


------------
; Flow Log ;
------------
quartus_map --read_settings_files=on --write_settings_files=off traffic -c traffic
quartus_fit --read_settings_files=off --write_settings_files=off traffic -c traffic
quartus_asm --read_settings_files=off --write_settings_files=off traffic -c traffic
quartus_sta traffic -c traffic
quartus_eda --read_settings_files=off --write_settings_files=off traffic -c traffic



